{"C:\\Users\\tb\\personal\\Web-scraper\\public\\index.js": {"path":"C:\\Users\\tb\\personal\\Web-scraper\\public\\index.js","statementMap":{"0":{"start":{"line":1,"column":13},"end":{"line":1,"column":46}},"1":{"start":{"line":2,"column":14},"end":{"line":2,"column":48}},"2":{"start":{"line":3,"column":14},"end":{"line":3,"column":46}},"3":{"start":{"line":4,"column":16},"end":{"line":4,"column":50}},"4":{"start":{"line":6,"column":0},"end":{"line":8,"column":1}},"5":{"start":{"line":7,"column":2},"end":{"line":7,"column":53}},"6":{"start":{"line":10,"column":0},"end":{"line":48,"column":3}},"7":{"start":{"line":11,"column":2},"end":{"line":11,"column":25}},"8":{"start":{"line":13,"column":16},"end":{"line":13,"column":34}},"9":{"start":{"line":15,"column":2},"end":{"line":18,"column":3}},"10":{"start":{"line":16,"column":4},"end":{"line":16,"column":39}},"11":{"start":{"line":17,"column":4},"end":{"line":17,"column":11}},"12":{"start":{"line":20,"column":2},"end":{"line":23,"column":3}},"13":{"start":{"line":21,"column":4},"end":{"line":21,"column":55}},"14":{"start":{"line":22,"column":4},"end":{"line":22,"column":11}},"15":{"start":{"line":25,"column":2},"end":{"line":25,"column":15}},"16":{"start":{"line":26,"column":2},"end":{"line":26,"column":54}},"17":{"start":{"line":28,"column":2},"end":{"line":47,"column":3}},"18":{"start":{"line":29,"column":21},"end":{"line":33,"column":6}},"19":{"start":{"line":35,"column":20},"end":{"line":35,"column":41}},"20":{"start":{"line":37,"column":4},"end":{"line":41,"column":5}},"21":{"start":{"line":38,"column":6},"end":{"line":38,"column":79}},"22":{"start":{"line":39,"column":6},"end":{"line":39,"column":29}},"23":{"start":{"line":40,"column":6},"end":{"line":40,"column":13}},"24":{"start":{"line":43,"column":4},"end":{"line":43,"column":27}},"25":{"start":{"line":45,"column":4},"end":{"line":45,"column":65}},"26":{"start":{"line":46,"column":4},"end":{"line":46,"column":27}},"27":{"start":{"line":52,"column":4},"end":{"line":54,"column":60}},"28":{"start":{"line":53,"column":69},"end":{"line":53,"column":102}},"29":{"start":{"line":57,"column":4},"end":{"line":64,"column":52}},"30":{"start":{"line":61,"column":14},"end":{"line":61,"column":120}},"31":{"start":{"line":66,"column":2},"end":{"line":98,"column":4}},"32":{"start":{"line":102,"column":2},"end":{"line":107,"column":3}},"33":{"start":{"line":103,"column":19},"end":{"line":103,"column":31}},"34":{"start":{"line":104,"column":4},"end":{"line":104,"column":71}},"35":{"start":{"line":106,"column":4},"end":{"line":106,"column":17}},"36":{"start":{"line":111,"column":2},"end":{"line":111,"column":30}},"37":{"start":{"line":112,"column":2},"end":{"line":112,"column":32}},"38":{"start":{"line":113,"column":2},"end":{"line":113,"column":36}},"39":{"start":{"line":117,"column":2},"end":{"line":117,"column":25}},"40":{"start":{"line":118,"column":2},"end":{"line":118,"column":31}},"41":{"start":{"line":119,"column":2},"end":{"line":119,"column":39}},"42":{"start":{"line":123,"column":2},"end":{"line":128,"column":31}}},"fnMap":{"0":{"name":"(anonymous_0)","decl":{"start":{"line":10,"column":32},"end":{"line":10,"column":33}},"loc":{"start":{"line":10,"column":49},"end":{"line":48,"column":1}},"line":10},"1":{"name":"renderResults","decl":{"start":{"line":50,"column":9},"end":{"line":50,"column":22}},"loc":{"start":{"line":50,"column":29},"end":{"line":99,"column":1}},"line":50},"2":{"name":"(anonymous_2)","decl":{"start":{"line":53,"column":56},"end":{"line":53,"column":57}},"loc":{"start":{"line":53,"column":69},"end":{"line":53,"column":102}},"line":53},"3":{"name":"(anonymous_3)","decl":{"start":{"line":60,"column":12},"end":{"line":60,"column":13}},"loc":{"start":{"line":61,"column":14},"end":{"line":61,"column":120}},"line":61},"4":{"name":"isValidUrl","decl":{"start":{"line":101,"column":9},"end":{"line":101,"column":19}},"loc":{"start":{"line":101,"column":25},"end":{"line":108,"column":1}},"line":101},"5":{"name":"showError","decl":{"start":{"line":110,"column":9},"end":{"line":110,"column":18}},"loc":{"start":{"line":110,"column":28},"end":{"line":114,"column":1}},"line":110},"6":{"name":"clearError","decl":{"start":{"line":116,"column":9},"end":{"line":116,"column":19}},"loc":{"start":{"line":116,"column":22},"end":{"line":120,"column":1}},"line":116},"7":{"name":"escapeHtml","decl":{"start":{"line":122,"column":9},"end":{"line":122,"column":19}},"loc":{"start":{"line":122,"column":27},"end":{"line":129,"column":1}},"line":122}},"branchMap":{"0":{"loc":{"start":{"line":6,"column":0},"end":{"line":8,"column":1}},"type":"if","locations":[{"start":{"line":6,"column":0},"end":{"line":8,"column":1}},{"start":{},"end":{}}],"line":6},"1":{"loc":{"start":{"line":6,"column":4},"end":{"line":6,"column":41}},"type":"binary-expr","locations":[{"start":{"line":6,"column":4},"end":{"line":6,"column":9}},{"start":{"line":6,"column":13},"end":{"line":6,"column":19}},{"start":{"line":6,"column":23},"end":{"line":6,"column":29}},{"start":{"line":6,"column":33},"end":{"line":6,"column":41}}],"line":6},"2":{"loc":{"start":{"line":15,"column":2},"end":{"line":18,"column":3}},"type":"if","locations":[{"start":{"line":15,"column":2},"end":{"line":18,"column":3}},{"start":{},"end":{}}],"line":15},"3":{"loc":{"start":{"line":20,"column":2},"end":{"line":23,"column":3}},"type":"if","locations":[{"start":{"line":20,"column":2},"end":{"line":23,"column":3}},{"start":{},"end":{}}],"line":20},"4":{"loc":{"start":{"line":37,"column":4},"end":{"line":41,"column":5}},"type":"if","locations":[{"start":{"line":37,"column":4},"end":{"line":41,"column":5}},{"start":{},"end":{}}],"line":37},"5":{"loc":{"start":{"line":37,"column":8},"end":{"line":37,"column":42}},"type":"binary-expr","locations":[{"start":{"line":37,"column":8},"end":{"line":37,"column":20}},{"start":{"line":37,"column":24},"end":{"line":37,"column":42}}],"line":37},"6":{"loc":{"start":{"line":38,"column":16},"end":{"line":38,"column":77}},"type":"cond-expr","locations":[{"start":{"line":38,"column":37},"end":{"line":38,"column":50}},{"start":{"line":38,"column":53},"end":{"line":38,"column":77}}],"line":38},"7":{"loc":{"start":{"line":52,"column":4},"end":{"line":54,"column":60}},"type":"cond-expr","locations":[{"start":{"line":53,"column":8},"end":{"line":53,"column":119}},{"start":{"line":54,"column":8},"end":{"line":54,"column":60}}],"line":52},"8":{"loc":{"start":{"line":57,"column":4},"end":{"line":64,"column":52}},"type":"cond-expr","locations":[{"start":{"line":58,"column":8},"end":{"line":63,"column":26}},{"start":{"line":64,"column":8},"end":{"line":64,"column":52}}],"line":57},"9":{"loc":{"start":{"line":72,"column":52},"end":{"line":72,"column":69}},"type":"binary-expr","locations":[{"start":{"line":72,"column":52},"end":{"line":72,"column":62}},{"start":{"line":72,"column":66},"end":{"line":72,"column":69}}],"line":72},"10":{"loc":{"start":{"line":73,"column":63},"end":{"line":73,"column":90}},"type":"binary-expr","locations":[{"start":{"line":73,"column":63},"end":{"line":73,"column":83}},{"start":{"line":73,"column":87},"end":{"line":73,"column":90}}],"line":73},"11":{"loc":{"start":{"line":74,"column":54},"end":{"line":74,"column":74}},"type":"binary-expr","locations":[{"start":{"line":74,"column":54},"end":{"line":74,"column":67}},{"start":{"line":74,"column":71},"end":{"line":74,"column":74}}],"line":74},"12":{"loc":{"start":{"line":95,"column":24},"end":{"line":95,"column":46}},"type":"binary-expr","locations":[{"start":{"line":95,"column":24},"end":{"line":95,"column":39}},{"start":{"line":95,"column":43},"end":{"line":95,"column":46}}],"line":95},"13":{"loc":{"start":{"line":104,"column":11},"end":{"line":104,"column":70}},"type":"binary-expr","locations":[{"start":{"line":104,"column":11},"end":{"line":104,"column":38}},{"start":{"line":104,"column":42},"end":{"line":104,"column":70}}],"line":104}},"s":{"0":1,"1":1,"2":1,"3":1,"4":1,"5":0,"6":1,"7":1,"8":1,"9":1,"10":0,"11":0,"12":1,"13":0,"14":0,"15":1,"16":1,"17":1,"18":1,"19":1,"20":1,"21":0,"22":0,"23":0,"24":1,"25":0,"26":0,"27":1,"28":1,"29":1,"30":2,"31":1,"32":1,"33":1,"34":1,"35":0,"36":0,"37":0,"38":0,"39":1,"40":1,"41":1,"42":10},"f":{"0":1,"1":1,"2":1,"3":2,"4":1,"5":0,"6":1,"7":10},"b":{"0":[0,1],"1":[1,1,1,1],"2":[0,1],"3":[0,1],"4":[0,1],"5":[1,1],"6":[0,0],"7":[1,0],"8":[1,0],"9":[1,0],"10":[1,0],"11":[1,0],"12":[1,0],"13":[1,1]},"inputSourceMap":null,"_coverageSchema":"1a1c01bbd47fc00a2c39e90264f33305004495a9","hash":"a51b1bd7bd2a9e8a7add3fe782f49a62b93221ef"}
,"C:\\Users\\tb\\personal\\Web-scraper\\src\\backend.ts": {"path":"C:\\Users\\tb\\personal\\Web-scraper\\src\\backend.ts","statementMap":{"0":{"start":{"line":89,"column":0},"end":{"line":89,"column":16}},"1":{"start":{"line":171,"column":0},"end":{"line":171,"column":16}},"2":{"start":{"line":1,"column":0},"end":{"line":1,"column":63}},"3":{"start":{"line":2,"column":0},"end":{"line":2,"column":29}},"4":{"start":{"line":4,"column":12},"end":{"line":4,"column":21}},"5":{"start":{"line":5,"column":13},"end":{"line":5,"column":45}},"6":{"start":{"line":6,"column":18},"end":{"line":6,"column":55}},"7":{"start":{"line":8,"column":0},"end":{"line":8,"column":24}},"8":{"start":{"line":9,"column":0},"end":{"line":9,"column":35}},"9":{"start":{"line":31,"column":0},"end":{"line":33,"column":3}},"10":{"start":{"line":32,"column":2},"end":{"line":32,"column":51}},"11":{"start":{"line":35,"column":0},"end":{"line":83,"column":2}},"12":{"start":{"line":41,"column":20},"end":{"line":41,"column":28}},"13":{"start":{"line":43,"column":4},"end":{"line":46,"column":5}},"14":{"start":{"line":44,"column":6},"end":{"line":44,"column":83}},"15":{"start":{"line":45,"column":6},"end":{"line":45,"column":13}},"16":{"start":{"line":48,"column":4},"end":{"line":81,"column":5}},"17":{"start":{"line":49,"column":23},"end":{"line":52,"column":8}},"18":{"start":{"line":54,"column":6},"end":{"line":57,"column":7}},"19":{"start":{"line":55,"column":8},"end":{"line":55,"column":98}},"20":{"start":{"line":56,"column":8},"end":{"line":56,"column":15}},"21":{"start":{"line":59,"column":19},"end":{"line":59,"column":40}},"22":{"start":{"line":60,"column":26},"end":{"line":60,"column":58}},"23":{"start":{"line":62,"column":40},"end":{"line":76,"column":8}},"24":{"start":{"line":78,"column":6},"end":{"line":78,"column":25}},"25":{"start":{"line":80,"column":6},"end":{"line":80,"column":104}},"26":{"start":{"line":85,"column":0},"end":{"line":87,"column":3}},"27":{"start":{"line":86,"column":2},"end":{"line":86,"column":59}},"28":{"start":{"line":90,"column":2},"end":{"line":95,"column":3}},"29":{"start":{"line":91,"column":19},"end":{"line":91,"column":33}},"30":{"start":{"line":92,"column":4},"end":{"line":92,"column":71}},"31":{"start":{"line":94,"column":4},"end":{"line":94,"column":17}},"32":{"start":{"line":99,"column":2},"end":{"line":105,"column":30}},"33":{"start":{"line":109,"column":2},"end":{"line":109,"column":88}},"34":{"start":{"line":113,"column":16},"end":{"line":113,"column":74}},"35":{"start":{"line":114,"column":16},"end":{"line":114,"column":33}},"36":{"start":{"line":115,"column":2},"end":{"line":117,"column":3}},"37":{"start":{"line":116,"column":4},"end":{"line":116,"column":16}},"38":{"start":{"line":118,"column":2},"end":{"line":118,"column":37}},"39":{"start":{"line":122,"column":16},"end":{"line":122,"column":78}},"40":{"start":{"line":123,"column":26},"end":{"line":123,"column":28}},"41":{"start":{"line":125,"column":2},"end":{"line":137,"column":3}},"42":{"start":{"line":126,"column":4},"end":{"line":128,"column":5}},"43":{"start":{"line":127,"column":6},"end":{"line":127,"column":12}},"44":{"start":{"line":129,"column":16},"end":{"line":129,"column":24}},"45":{"start":{"line":130,"column":4},"end":{"line":132,"column":5}},"46":{"start":{"line":131,"column":6},"end":{"line":131,"column":15}},"47":{"start":{"line":133,"column":18},"end":{"line":133,"column":32}},"48":{"start":{"line":134,"column":4},"end":{"line":136,"column":5}},"49":{"start":{"line":135,"column":6},"end":{"line":135,"column":24}},"50":{"start":{"line":139,"column":2},"end":{"line":139,"column":15}},"51":{"start":{"line":143,"column":16},"end":{"line":143,"column":59}},"52":{"start":{"line":144,"column":2},"end":{"line":144,"column":42}},"53":{"start":{"line":148,"column":16},"end":{"line":148,"column":88}},"54":{"start":{"line":149,"column":23},"end":{"line":149,"column":95}},"55":{"start":{"line":150,"column":16},"end":{"line":150,"column":61}},"56":{"start":{"line":151,"column":2},"end":{"line":153,"column":3}},"57":{"start":{"line":152,"column":4},"end":{"line":152,"column":16}},"58":{"start":{"line":154,"column":2},"end":{"line":154,"column":53}},"59":{"start":{"line":158,"column":16},"end":{"line":158,"column":68}},"60":{"start":{"line":159,"column":2},"end":{"line":161,"column":3}},"61":{"start":{"line":160,"column":4},"end":{"line":160,"column":16}},"62":{"start":{"line":162,"column":2},"end":{"line":162,"column":25}},"63":{"start":{"line":166,"column":20},"end":{"line":166,"column":64}},"64":{"start":{"line":167,"column":19},"end":{"line":167,"column":52}},"65":{"start":{"line":168,"column":2},"end":{"line":168,"column":38}},"66":{"start":{"line":172,"column":16},"end":{"line":172,"column":54}},"67":{"start":{"line":173,"column":26},"end":{"line":173,"column":28}},"68":{"start":{"line":175,"column":2},"end":{"line":187,"column":3}},"69":{"start":{"line":176,"column":17},"end":{"line":176,"column":25}},"70":{"start":{"line":178,"column":4},"end":{"line":178,"column":24}},"71":{"start":{"line":178,"column":15},"end":{"line":178,"column":24}},"72":{"start":{"line":180,"column":4},"end":{"line":186,"column":5}},"73":{"start":{"line":182,"column":26},"end":{"line":182,"column":53}},"74":{"start":{"line":183,"column":6},"end":{"line":183,"column":30}},"75":{"start":{"line":190,"column":2},"end":{"line":190,"column":29}}},"fnMap":{"0":{"name":"(anonymous_1)","decl":{"start":{"line":31,"column":13},"end":{"line":31,"column":14}},"loc":{"start":{"line":31,"column":46},"end":{"line":33,"column":1}}},"1":{"name":"(anonymous_2)","decl":{"start":{"line":37,"column":2},"end":{"line":37,"column":7}},"loc":{"start":{"line":40,"column":6},"end":{"line":82,"column":3}}},"2":{"name":"(anonymous_3)","decl":{"start":{"line":85,"column":17},"end":{"line":85,"column":20}},"loc":{"start":{"line":85,"column":22},"end":{"line":87,"column":1}}},"3":{"name":"isValidHttpUrl","decl":{"start":{"line":89,"column":16},"end":{"line":89,"column":30}},"loc":{"start":{"line":89,"column":44},"end":{"line":96,"column":1}}},"4":{"name":"decodeHtmlEntities","decl":{"start":{"line":98,"column":9},"end":{"line":98,"column":27}},"loc":{"start":{"line":98,"column":41},"end":{"line":106,"column":1}}},"5":{"name":"stripTags","decl":{"start":{"line":108,"column":9},"end":{"line":108,"column":18}},"loc":{"start":{"line":108,"column":32},"end":{"line":110,"column":1}}},"6":{"name":"extractFirstTag","decl":{"start":{"line":112,"column":9},"end":{"line":112,"column":24}},"loc":{"start":{"line":112,"column":54},"end":{"line":119,"column":1}}},"7":{"name":"extractTags","decl":{"start":{"line":121,"column":9},"end":{"line":121,"column":20}},"loc":{"start":{"line":121,"column":71},"end":{"line":140,"column":1}}},"8":{"name":"countTags","decl":{"start":{"line":142,"column":9},"end":{"line":142,"column":18}},"loc":{"start":{"line":142,"column":51},"end":{"line":145,"column":1}}},"9":{"name":"extractMetaDescription","decl":{"start":{"line":147,"column":9},"end":{"line":147,"column":31}},"loc":{"start":{"line":147,"column":44},"end":{"line":155,"column":1}}},"10":{"name":"extractHtmlLanguage","decl":{"start":{"line":157,"column":9},"end":{"line":157,"column":28}},"loc":{"start":{"line":157,"column":41},"end":{"line":163,"column":1}}},"11":{"name":"extractTextSample","decl":{"start":{"line":165,"column":9},"end":{"line":165,"column":26}},"loc":{"start":{"line":165,"column":58},"end":{"line":169,"column":1}}},"12":{"name":"extractLinks","decl":{"start":{"line":171,"column":16},"end":{"line":171,"column":28}},"loc":{"start":{"line":171,"column":58},"end":{"line":191,"column":1}}}},"branchMap":{"0":{"loc":{"start":{"line":5,"column":20},"end":{"line":5,"column":44}},"type":"binary-expr","locations":[{"start":{"line":5,"column":20},"end":{"line":5,"column":36}},{"start":{"line":5,"column":40},"end":{"line":5,"column":44}}]},"1":{"loc":{"start":{"line":43,"column":4},"end":{"line":46,"column":5}},"type":"if","locations":[{"start":{"line":43,"column":4},"end":{"line":46,"column":5}},{"start":{},"end":{}}]},"2":{"loc":{"start":{"line":43,"column":8},"end":{"line":43,"column":36}},"type":"binary-expr","locations":[{"start":{"line":43,"column":8},"end":{"line":43,"column":12}},{"start":{"line":43,"column":16},"end":{"line":43,"column":36}}]},"3":{"loc":{"start":{"line":54,"column":6},"end":{"line":57,"column":7}},"type":"if","locations":[{"start":{"line":54,"column":6},"end":{"line":57,"column":7}},{"start":{},"end":{}}]},"4":{"loc":{"start":{"line":92,"column":11},"end":{"line":92,"column":70}},"type":"binary-expr","locations":[{"start":{"line":92,"column":11},"end":{"line":92,"column":38}},{"start":{"line":92,"column":42},"end":{"line":92,"column":70}}]},"5":{"loc":{"start":{"line":115,"column":2},"end":{"line":117,"column":3}},"type":"if","locations":[{"start":{"line":115,"column":2},"end":{"line":117,"column":3}},{"start":{},"end":{}}]},"6":{"loc":{"start":{"line":118,"column":9},"end":{"line":118,"column":36}},"type":"binary-expr","locations":[{"start":{"line":118,"column":9},"end":{"line":118,"column":28}},{"start":{"line":118,"column":32},"end":{"line":118,"column":36}}]},"7":{"loc":{"start":{"line":126,"column":4},"end":{"line":128,"column":5}},"type":"if","locations":[{"start":{"line":126,"column":4},"end":{"line":128,"column":5}},{"start":{},"end":{}}]},"8":{"loc":{"start":{"line":130,"column":4},"end":{"line":132,"column":5}},"type":"if","locations":[{"start":{"line":130,"column":4},"end":{"line":132,"column":5}},{"start":{},"end":{}}]},"9":{"loc":{"start":{"line":134,"column":4},"end":{"line":136,"column":5}},"type":"if","locations":[{"start":{"line":134,"column":4},"end":{"line":136,"column":5}},{"start":{},"end":{}}]},"10":{"loc":{"start":{"line":150,"column":16},"end":{"line":150,"column":61}},"type":"binary-expr","locations":[{"start":{"line":150,"column":16},"end":{"line":150,"column":33}},{"start":{"line":150,"column":37},"end":{"line":150,"column":61}}]},"11":{"loc":{"start":{"line":151,"column":2},"end":{"line":153,"column":3}},"type":"if","locations":[{"start":{"line":151,"column":2},"end":{"line":153,"column":3}},{"start":{},"end":{}}]},"12":{"loc":{"start":{"line":154,"column":9},"end":{"line":154,"column":52}},"type":"binary-expr","locations":[{"start":{"line":154,"column":9},"end":{"line":154,"column":44}},{"start":{"line":154,"column":48},"end":{"line":154,"column":52}}]},"13":{"loc":{"start":{"line":159,"column":2},"end":{"line":161,"column":3}},"type":"if","locations":[{"start":{"line":159,"column":2},"end":{"line":161,"column":3}},{"start":{},"end":{}}]},"14":{"loc":{"start":{"line":167,"column":29},"end":{"line":167,"column":51}},"type":"binary-expr","locations":[{"start":{"line":167,"column":29},"end":{"line":167,"column":43}},{"start":{"line":167,"column":47},"end":{"line":167,"column":51}}]},"15":{"loc":{"start":{"line":178,"column":4},"end":{"line":178,"column":24}},"type":"if","locations":[{"start":{"line":178,"column":4},"end":{"line":178,"column":24}},{"start":{},"end":{}}]}},"s":{"0":1,"1":1,"2":1,"3":1,"4":1,"5":1,"6":1,"7":1,"8":1,"9":1,"10":0,"11":1,"12":0,"13":0,"14":0,"15":0,"16":0,"17":0,"18":0,"19":0,"20":0,"21":0,"22":0,"23":0,"24":0,"25":0,"26":1,"27":0,"28":2,"29":2,"30":1,"31":1,"32":0,"33":0,"34":0,"35":0,"36":0,"37":0,"38":0,"39":0,"40":0,"41":0,"42":0,"43":0,"44":0,"45":0,"46":0,"47":0,"48":0,"49":0,"50":0,"51":0,"52":0,"53":0,"54":0,"55":0,"56":0,"57":0,"58":0,"59":0,"60":0,"61":0,"62":0,"63":0,"64":0,"65":0,"66":1,"67":1,"68":1,"69":2,"70":2,"71":0,"72":2,"73":2,"74":2,"75":1},"f":{"0":0,"1":0,"2":0,"3":2,"4":0,"5":0,"6":0,"7":0,"8":0,"9":0,"10":0,"11":0,"12":1},"b":{"0":[1,1],"1":[0,0],"2":[0,0],"3":[0,0],"4":[1,1],"5":[0,0],"6":[0,0],"7":[0,0],"8":[0,0],"9":[0,0],"10":[0,0],"11":[0,0],"12":[0,0],"13":[0,0],"14":[0,0],"15":[0,2]}}
}
