TN:
SF:public\index.js
FN:10,(anonymous_0)
FN:50,renderResults
FN:53,(anonymous_2)
FN:60,(anonymous_3)
FN:101,isValidUrl
FN:110,showError
FN:116,clearError
FN:122,escapeHtml
FNF:8
FNH:7
FNDA:1,(anonymous_0)
FNDA:1,renderResults
FNDA:1,(anonymous_2)
FNDA:2,(anonymous_3)
FNDA:1,isValidUrl
FNDA:0,showError
FNDA:1,clearError
FNDA:10,escapeHtml
DA:1,1
DA:2,1
DA:3,1
DA:4,1
DA:6,1
DA:7,0
DA:10,1
DA:11,1
DA:13,1
DA:15,1
DA:16,0
DA:17,0
DA:20,1
DA:21,0
DA:22,0
DA:25,1
DA:26,1
DA:28,1
DA:29,1
DA:35,1
DA:37,1
DA:38,0
DA:39,0
DA:40,0
DA:43,1
DA:45,0
DA:46,0
DA:52,1
DA:53,1
DA:57,1
DA:61,2
DA:66,1
DA:102,1
DA:103,1
DA:104,1
DA:106,0
DA:111,0
DA:112,0
DA:113,0
DA:117,1
DA:118,1
DA:119,1
DA:123,10
LF:43
LH:29
BRDA:6,0,0,0
BRDA:6,0,1,1
BRDA:6,1,0,1
BRDA:6,1,1,1
BRDA:6,1,2,1
BRDA:6,1,3,1
BRDA:15,2,0,0
BRDA:15,2,1,1
BRDA:20,3,0,0
BRDA:20,3,1,1
BRDA:37,4,0,0
BRDA:37,4,1,1
BRDA:37,5,0,1
BRDA:37,5,1,1
BRDA:38,6,0,0
BRDA:38,6,1,0
BRDA:52,7,0,1
BRDA:52,7,1,0
BRDA:57,8,0,1
BRDA:57,8,1,0
BRDA:72,9,0,1
BRDA:72,9,1,0
BRDA:73,10,0,1
BRDA:73,10,1,0
BRDA:74,11,0,1
BRDA:74,11,1,0
BRDA:95,12,0,1
BRDA:95,12,1,0
BRDA:104,13,0,1
BRDA:104,13,1,1
BRF:30
BRH:18
end_of_record
TN:
SF:src\backend.ts
FN:31,(anonymous_1)
FN:37,(anonymous_2)
FN:85,(anonymous_3)
FN:89,isValidHttpUrl
FN:98,decodeHtmlEntities
FN:108,stripTags
FN:112,extractFirstTag
FN:121,extractTags
FN:142,countTags
FN:147,extractMetaDescription
FN:157,extractHtmlLanguage
FN:165,extractTextSample
FN:171,extractLinks
FNF:13
FNH:2
FNDA:0,(anonymous_1)
FNDA:0,(anonymous_2)
FNDA:0,(anonymous_3)
FNDA:2,isValidHttpUrl
FNDA:0,decodeHtmlEntities
FNDA:0,stripTags
FNDA:0,extractFirstTag
FNDA:0,extractTags
FNDA:0,countTags
FNDA:0,extractMetaDescription
FNDA:0,extractHtmlLanguage
FNDA:0,extractTextSample
FNDA:1,extractLinks
DA:1,1
DA:2,1
DA:4,1
DA:5,1
DA:6,1
DA:8,1
DA:9,1
DA:31,1
DA:32,0
DA:35,1
DA:41,0
DA:43,0
DA:44,0
DA:45,0
DA:48,0
DA:49,0
DA:54,0
DA:55,0
DA:56,0
DA:59,0
DA:60,0
DA:62,0
DA:78,0
DA:80,0
DA:85,1
DA:86,0
DA:89,1
DA:90,2
DA:91,2
DA:92,1
DA:94,1
DA:99,0
DA:109,0
DA:113,0
DA:114,0
DA:115,0
DA:116,0
DA:118,0
DA:122,0
DA:123,0
DA:125,0
DA:126,0
DA:127,0
DA:129,0
DA:130,0
DA:131,0
DA:133,0
DA:134,0
DA:135,0
DA:139,0
DA:143,0
DA:144,0
DA:148,0
DA:149,0
DA:150,0
DA:151,0
DA:152,0
DA:154,0
DA:158,0
DA:159,0
DA:160,0
DA:162,0
DA:166,0
DA:167,0
DA:168,0
DA:171,1
DA:172,1
DA:173,1
DA:175,1
DA:176,2
DA:178,2
DA:180,2
DA:182,2
DA:183,2
DA:190,1
LF:75
LH:25
BRDA:5,0,0,1
BRDA:5,0,1,1
BRDA:43,1,0,0
BRDA:43,1,1,0
BRDA:43,2,0,0
BRDA:43,2,1,0
BRDA:54,3,0,0
BRDA:54,3,1,0
BRDA:92,4,0,1
BRDA:92,4,1,1
BRDA:115,5,0,0
BRDA:115,5,1,0
BRDA:118,6,0,0
BRDA:118,6,1,0
BRDA:126,7,0,0
BRDA:126,7,1,0
BRDA:130,8,0,0
BRDA:130,8,1,0
BRDA:134,9,0,0
BRDA:134,9,1,0
BRDA:150,10,0,0
BRDA:150,10,1,0
BRDA:151,11,0,0
BRDA:151,11,1,0
BRDA:154,12,0,0
BRDA:154,12,1,0
BRDA:159,13,0,0
BRDA:159,13,1,0
BRDA:167,14,0,0
BRDA:167,14,1,0
BRDA:178,15,0,0
BRDA:178,15,1,2
BRF:32
BRH:5
end_of_record
